<?xml version="1.0" encoding="UTF-8"?>
<!-- Generated by org.testng.reporters.JUnitReportReporter -->
<testsuite hostname="LAPTOP-1SE3GBU9" failures="0" tests="1" name="com.LAMBDATEST_Playground.Runner.Runner" time="9.413" errors="1" timestamp="2025-01-23T11:34:12 IST" skipped="0">
  <testcase classname="com.LAMBDATEST_Playground.Runner.Runner" name="runScenario" time="9.413">
    <error message="Cannot invoke &quot;com.LAMBDATEST_Playground.POM.DashboardPage.getRegisterAccountPage()&quot; because &quot;this.dashboardPage&quot; is null" type="java.lang.NullPointerException">
      <![CDATA[java.lang.NullPointerException: Cannot invoke "com.LAMBDATEST_Playground.POM.DashboardPage.getRegisterAccountPage()" because "this.dashboardPage" is null
at com.LAMBDATEST_Playground.stepDefinations.LoginSteps.user_clicks_on_the_button(LoginSteps.java:41)
at âœ½.user clicks on the "Login" button(file:///C:/Users/pnilava03/OneDrive/Desktop/Selenium/Project/Projects/LAMBDATESTPlayGround/resourcesLibs/features/LTPlayground_login.feature:9)
]]>
    </error>
  </testcase> <!-- runScenario -->
  <system-out/>
</testsuite> <!-- com.LAMBDATEST_Playground.Runner.Runner -->
