<?xml version="1.0" encoding="UTF-8"?>
<!-- Generated by org.testng.reporters.JUnitReportReporter -->
<testsuite hostname="LAPTOP-1SE3GBU9" failures="0" tests="1" name="com.LAMBDATEST_Playground.AppTest" time="0.014" errors="0" timestamp="2025-01-14T14:25:51 IST" skipped="0">
  <testcase classname="com.LAMBDATEST_Playground.AppTest" name="verifyTitle" time="0.014"/>
  <system-out/>
</testsuite> <!-- com.LAMBDATEST_Playground.AppTest -->
