<?xml version="1.0" encoding="UTF-8"?>
<!-- Generated by org.testng.reporters.JUnitReportReporter -->
<testsuite hostname="LAPTOP-1SE3GBU9" failures="0" tests="1" name="com.LAMBDATEST_Pplayground.Runner.Runner" time="16.009" errors="0" timestamp="2025-01-14T18:31:39 IST" skipped="0">
  <testcase classname="com.LAMBDATEST_Pplayground.Runner.Runner" name="runScenario" time="16.009"/>
  <system-out/>
</testsuite> <!-- com.LAMBDATEST_Pplayground.Runner.Runner -->
